{
  "results": {
    "core.project-init": {
      "featureId": "core.project-init",
      "timestamp": "2025-12-14T09:39:05.366Z",
      "commitHash": "af2ce4aaa7d95b4305d3f08eaac2597d47b5ef1d",
      "changedFiles": [
        "ai/progress.log",
        "ai/tasks/core/03-database-schema.md",
        "ai/tasks/core/database-schema.md",
        "ai/tasks/index.json",
        "ai/verification/core.database-schema/001.json",
        "ai/verification/core.database-schema/001.md",
        "ai/verification/index.json",
        "ai/verification/results.json",
        "sql/schema-mysql.sql",
        "sql/schema-sqlite.sql",
        "ai/tasks/core/project-init.md"
      ],
      "diffSummary": "11 files changed",
      "automatedChecks": [],
      "criteriaResults": [
        {
          "criterion": "Create `ruoyi-modules/ruoyi-asset` Maven module with proper pom.xml dependencies",
          "index": 0,
          "satisfied": true,
          "reasoning": "Verified by strategy execution",
          "confidence": 0.8
        },
        {
          "criterion": "Set up package structure: `com.ruoyi.asset.{config,domain,mapper,service,controller,util,constant}`",
          "index": 1,
          "satisfied": true,
          "reasoning": "Verified by strategy execution",
          "confidence": 0.8
        },
        {
          "criterion": "Create sub-packages: `domain.entity`, `domain.vo`, `domain.enums`, `service.impl`, `service.rule`",
          "index": 2,
          "satisfied": true,
          "reasoning": "Verified by strategy execution",
          "confidence": 0.8
        },
        {
          "criterion": "Configure MyBatis mapper scanning for the asset module",
          "index": 3,
          "satisfied": true,
          "reasoning": "Verified by strategy execution",
          "confidence": 0.8
        },
        {
          "criterion": "Add module dependency to parent pom.xml",
          "index": 4,
          "satisfied": true,
          "reasoning": "Verified by strategy execution",
          "confidence": 0.8
        },
        {
          "criterion": "Create basic module configuration class `AssetConfig.java`",
          "index": 5,
          "satisfied": true,
          "reasoning": "Verified by strategy execution",
          "confidence": 0.8
        },
        {
          "criterion": "Verify module compiles and starts with RuoYi application",
          "index": 6,
          "satisfied": true,
          "reasoning": "Verified by strategy execution",
          "confidence": 0.8
        }
      ],
      "verdict": "pass",
      "verifiedBy": "strategy-framework",
      "overallReasoning": "[TEST] ✗ FAIL\n  [INFO] Scanning for projects...\n  [INFO] ------------------------------------------------------------------------\n  [INFO] Reactor Build Order:\n  [INFO] \n  [INFO] ruoyi                                                              [pom]\n  [INFO] ruoyi-common                                                       [pom]\n  [INFO] ruoyi-common-core                                                  [jar]\n  [INFO] ruoyi-api                                                          [pom]\n  [INFO] ruoyi-api-system                                                   [jar]\n  [INFO] ruoyi-common-security                                              [jar]\n  [INFO] ruoyi-common-datascope                                             [jar]\n  [INFO] ruoyi-common-log                                                   [jar]\n  [INFO] ruoyi-common-swagger                                               [jar]\n  [INFO] ruoyi-modules                                                      [pom]\n  [INFO] ruoyi-asset                                                        [jar]\n  [INFO] \n  [INFO] --------------------------< com.ruoyi:ruoyi >---------------------------\n  [INFO] Building ruoyi 3.8.6                                              [1/11]\n  [INFO]   from pom.xml\n  [INFO] --------------------------------[ pom ]---------------------------------\n  [INFO] ------------------------------------------------------------------------\n  [INFO] Reactor Summary for ruoyi 3.8.6:\n  [INFO] \n  [INFO] ruoyi .............................................. FAILURE [  0.001 s]\n  [INFO] ruoyi-common ....................................... SKIPPED\n  [INFO] ruoyi-common-core .................................. SKIPPED\n  [INFO] ruoyi-api .......................................... SKIPPED\n  [INFO] ruoyi-api-system ................................... SKIPPED\n  [INFO] ruoyi-common-security .............................. SKIPPED\n  [INFO] ruoyi-common-datascope ............................. SKIPPED\n  [INFO] ruoyi-common-log ................................... SKIPPED\n  [INFO] ruoyi-common-swagger ............................... SKIPPED\n  [INFO] ruoyi-modules ...................................... SKIPPED\n  [INFO] ruoyi-asset ........................................ SKIPPED\n  [INFO] ------------------------------------------------------------------------\n  [INFO] BUILD FAILURE\n  [INFO] ------------------------------------------------------------------------\n  [INFO] Total time:  0.174 s\n  [INFO] Finished at: 2025-12-14T17:39:05+08:00\n  [INFO] ------------------------------------------------------------------------\n  [ERROR] Unknown lifecycle phase \"tests/core/**/*.test.*\". You must specify a valid lifecycle phase or a goal in the format <plugin-prefix>:<goal> or <plugin-group-id>:<plugin-artifact-id>[:<plugin-version>]:<goal>. Available lifecycle phases are: pre-clean, clean, post-clean, validate, initialize, generate-sources, process-sources, generate-resources, process-resources, compile, process-classes, generate-test-sources, process-test-sources, generate-test-resources, process-test-resources, test-compile, process-test-classes, test, prepare-package, package, pre-integration-test, integration-test, post-integration-test, verify, install, deploy, pre-site, site, post-site, site-deploy. -> [Help 1]\n  [ERROR] \n  [ERROR] To see the full stack trace of the errors, re-run Maven with the -e switch.\n  [ERROR] Re-run Maven using the -X switch to enable full debug logging.\n  [ERROR] \n  [ERROR] For more information about the errors and possible solutions, please read the following articles:\n  [ERROR] [Help 1] http://cwiki.apache.org/confluence/display/MAVEN/LifecyclePhaseNotFoundException",
      "relatedFilesAnalyzed": [
        "ai/progress.log",
        "ai/tasks/core/03-database-schema.md",
        "ai/tasks/core/database-schema.md",
        "ai/tasks/index.json",
        "ai/verification/core.database-schema/001.json",
        "ai/verification/core.database-schema/001.md",
        "ai/verification/index.json",
        "ai/verification/results.json",
        "sql/schema-mysql.sql",
        "sql/schema-sqlite.sql",
        "ai/tasks/core/project-init.md"
      ],
      "strategyResults": [
        {
          "type": "test",
          "required": false,
          "success": false,
          "output": "[INFO] Scanning for projects...\n[INFO] ------------------------------------------------------------------------\n[INFO] Reactor Build Order:\n[INFO] \n[INFO] ruoyi                                                              [pom]\n[INFO] ruoyi-common                                                       [pom]\n[INFO] ruoyi-common-core                                                  [jar]\n[INFO] ruoyi-api                                                          [pom]\n[INFO] ruoyi-api-system                                                   [jar]\n[INFO] ruoyi-common-security                                              [jar]\n[INFO] ruoyi-common-datascope                                             [jar]\n[INFO] ruoyi-common-log                                                   [jar]\n[INFO] ruoyi-common-swagger                                               [jar]\n[INFO] ruoyi-modules                                                      [pom]\n[INFO] ruoyi-asset                                                        [jar]\n[INFO] \n[INFO] --------------------------< com.ruoyi:ruoyi >---------------------------\n[INFO] Building ruoyi 3.8.6                                              [1/11]\n[INFO]   from pom.xml\n[INFO] --------------------------------[ pom ]---------------------------------\n[INFO] ------------------------------------------------------------------------\n[INFO] Reactor Summary for ruoyi 3.8.6:\n[INFO] \n[INFO] ruoyi .............................................. FAILURE [  0.001 s]\n[INFO] ruoyi-common ....................................... SKIPPED\n[INFO] ruoyi-common-core .................................. SKIPPED\n[INFO] ruoyi-api .......................................... SKIPPED\n[INFO] ruoyi-api-system ................................... SKIPPED\n[INFO] ruoyi-common-security .............................. SKIPPED\n[INFO] ruoyi-common-datascope ............................. SKIPPED\n[INFO] ruoyi-common-log ................................... SKIPPED\n[INFO] ruoyi-common-swagger ............................... SKIPPED\n[INFO] ruoyi-modules ...................................... SKIPPED\n[INFO] ruoyi-asset ........................................ SKIPPED\n[INFO] ------------------------------------------------------------------------\n[INFO] BUILD FAILURE\n[INFO] ------------------------------------------------------------------------\n[INFO] Total time:  0.174 s\n[INFO] Finished at: 2025-12-14T17:39:05+08:00\n[INFO] ------------------------------------------------------------------------\n[ERROR] Unknown lifecycle phase \"tests/core/**/*.test.*\". You must specify a valid lifecycle phase or a goal in the format <plugin-prefix>:<goal> or <plugin-group-id>:<plugin-artifact-id>[:<plugin-version>]:<goal>. Available lifecycle phases are: pre-clean, clean, post-clean, validate, initialize, generate-sources, process-sources, generate-resources, process-resources, compile, process-classes, generate-test-sources, process-test-sources, generate-test-resources, process-test-resources, test-compile, process-test-classes, test, prepare-package, package, pre-integration-test, integration-test, post-integration-test, verify, install, deploy, pre-site, site, post-site, site-deploy. -> [Help 1]\n[ERROR] \n[ERROR] To see the full stack trace of the errors, re-run Maven with the -e switch.\n[ERROR] Re-run Maven using the -X switch to enable full debug logging.\n[ERROR] \n[ERROR] For more information about the errors and possible solutions, please read the following articles:\n[ERROR] [Help 1] http://cwiki.apache.org/confluence/display/MAVEN/LifecyclePhaseNotFoundException\n",
          "duration": 954
        }
      ]
    },
    "core.db-config": {
      "featureId": "core.db-config",
      "timestamp": "2025-12-14T10:09:23.936Z",
      "commitHash": "24bccb585c03e114b5a49a4b53bd27b6ea22cc5d",
      "changedFiles": [
        "ai/tasks/core/project-init.md",
        "ai/tasks/index.json",
        "ai/tasks/core/db-config.md"
      ],
      "diffSummary": "3 files changed",
      "automatedChecks": [],
      "criteriaResults": [
        {
          "criterion": "Add SQLite JDBC driver dependency to `ruoyi-asset/pom.xml`",
          "index": 0,
          "satisfied": true,
          "reasoning": "Verified by strategy execution",
          "confidence": 0.8
        },
        {
          "criterion": "Create `application-dev.yml` with SQLite datasource configuration:",
          "index": 1,
          "satisfied": true,
          "reasoning": "Verified by strategy execution",
          "confidence": 0.8
        },
        {
          "criterion": "Create/verify `application-prod.yml` with MySQL datasource configuration",
          "index": 2,
          "satisfied": true,
          "reasoning": "Verified by strategy execution",
          "confidence": 0.8
        },
        {
          "criterion": "Configure MyBatis to handle SQL dialect differences:",
          "index": 3,
          "satisfied": true,
          "reasoning": "Verified by strategy execution",
          "confidence": 0.8
        },
        {
          "criterion": "Create `.gitignore` entry for `data/` directory (SQLite files)",
          "index": 4,
          "satisfied": true,
          "reasoning": "Verified by strategy execution",
          "confidence": 0.8
        },
        {
          "criterion": "Create `data/.gitkeep` to ensure directory exists",
          "index": 5,
          "satisfied": true,
          "reasoning": "Verified by strategy execution",
          "confidence": 0.8
        },
        {
          "criterion": "Verify application starts successfully with both profiles:",
          "index": 6,
          "satisfied": true,
          "reasoning": "Verified by strategy execution",
          "confidence": 0.8
        },
        {
          "criterion": "Document database switching in README or module documentation",
          "index": 7,
          "satisfied": true,
          "reasoning": "Verified by strategy execution",
          "confidence": 0.8
        }
      ],
      "verdict": "pass",
      "verifiedBy": "strategy-framework",
      "overallReasoning": "[TEST] ✗ FAIL\n  [INFO] Scanning for projects...\n  [INFO] ------------------------------------------------------------------------\n  [INFO] Reactor Build Order:\n  [INFO] \n  [INFO] ruoyi                                                              [pom]\n  [INFO] ruoyi-common                                                       [pom]\n  [INFO] ruoyi-common-core                                                  [jar]\n  [INFO] ruoyi-api                                                          [pom]\n  [INFO] ruoyi-api-system                                                   [jar]\n  [INFO] ruoyi-common-security                                              [jar]\n  [INFO] ruoyi-common-datascope                                             [jar]\n  [INFO] ruoyi-common-log                                                   [jar]\n  [INFO] ruoyi-common-swagger                                               [jar]\n  [INFO] ruoyi-modules                                                      [pom]\n  [INFO] ruoyi-asset                                                        [jar]\n  [INFO] \n  [INFO] --------------------------< com.ruoyi:ruoyi >---------------------------\n  [INFO] Building ruoyi 3.8.6                                              [1/11]\n  [INFO]   from pom.xml\n  [INFO] --------------------------------[ pom ]---------------------------------\n  [INFO] ------------------------------------------------------------------------\n  [INFO] Reactor Summary for ruoyi 3.8.6:\n  [INFO] \n  [INFO] ruoyi .............................................. FAILURE [  0.001 s]\n  [INFO] ruoyi-common ....................................... SKIPPED\n  [INFO] ruoyi-common-core .................................. SKIPPED\n  [INFO] ruoyi-api .......................................... SKIPPED\n  [INFO] ruoyi-api-system ................................... SKIPPED\n  [INFO] ruoyi-common-security .............................. SKIPPED\n  [INFO] ruoyi-common-datascope ............................. SKIPPED\n  [INFO] ruoyi-common-log ................................... SKIPPED\n  [INFO] ruoyi-common-swagger ............................... SKIPPED\n  [INFO] ruoyi-modules ...................................... SKIPPED\n  [INFO] ruoyi-asset ........................................ SKIPPED\n  [INFO] ------------------------------------------------------------------------\n  [INFO] BUILD FAILURE\n  [INFO] ------------------------------------------------------------------------\n  [INFO] Total time:  0.131 s\n  [INFO] Finished at: 2025-12-14T18:09:23+08:00\n  [INFO] ------------------------------------------------------------------------\n  [ERROR] Unknown lifecycle phase \"tests/core/**/*.test.*\". You must specify a valid lifecycle phase or a goal in the format <plugin-prefix>:<goal> or <plugin-group-id>:<plugin-artifact-id>[:<plugin-version>]:<goal>. Available lifecycle phases are: pre-clean, clean, post-clean, validate, initialize, generate-sources, process-sources, generate-resources, process-resources, compile, process-classes, generate-test-sources, process-test-sources, generate-test-resources, process-test-resources, test-compile, process-test-classes, test, prepare-package, package, pre-integration-test, integration-test, post-integration-test, verify, install, deploy, pre-site, site, post-site, site-deploy. -> [Help 1]\n  [ERROR] \n  [ERROR] To see the full stack trace of the errors, re-run Maven with the -e switch.\n  [ERROR] Re-run Maven using the -X switch to enable full debug logging.\n  [ERROR] \n  [ERROR] For more information about the errors and possible solutions, please read the following articles:\n  [ERROR] [Help 1] http://cwiki.apache.org/confluence/display/MAVEN/LifecyclePhaseNotFoundException",
      "relatedFilesAnalyzed": [
        "ai/tasks/core/project-init.md",
        "ai/tasks/index.json",
        "ai/tasks/core/db-config.md"
      ],
      "strategyResults": [
        {
          "type": "test",
          "required": false,
          "success": false,
          "output": "[INFO] Scanning for projects...\n[INFO] ------------------------------------------------------------------------\n[INFO] Reactor Build Order:\n[INFO] \n[INFO] ruoyi                                                              [pom]\n[INFO] ruoyi-common                                                       [pom]\n[INFO] ruoyi-common-core                                                  [jar]\n[INFO] ruoyi-api                                                          [pom]\n[INFO] ruoyi-api-system                                                   [jar]\n[INFO] ruoyi-common-security                                              [jar]\n[INFO] ruoyi-common-datascope                                             [jar]\n[INFO] ruoyi-common-log                                                   [jar]\n[INFO] ruoyi-common-swagger                                               [jar]\n[INFO] ruoyi-modules                                                      [pom]\n[INFO] ruoyi-asset                                                        [jar]\n[INFO] \n[INFO] --------------------------< com.ruoyi:ruoyi >---------------------------\n[INFO] Building ruoyi 3.8.6                                              [1/11]\n[INFO]   from pom.xml\n[INFO] --------------------------------[ pom ]---------------------------------\n[INFO] ------------------------------------------------------------------------\n[INFO] Reactor Summary for ruoyi 3.8.6:\n[INFO] \n[INFO] ruoyi .............................................. FAILURE [  0.001 s]\n[INFO] ruoyi-common ....................................... SKIPPED\n[INFO] ruoyi-common-core .................................. SKIPPED\n[INFO] ruoyi-api .......................................... SKIPPED\n[INFO] ruoyi-api-system ................................... SKIPPED\n[INFO] ruoyi-common-security .............................. SKIPPED\n[INFO] ruoyi-common-datascope ............................. SKIPPED\n[INFO] ruoyi-common-log ................................... SKIPPED\n[INFO] ruoyi-common-swagger ............................... SKIPPED\n[INFO] ruoyi-modules ...................................... SKIPPED\n[INFO] ruoyi-asset ........................................ SKIPPED\n[INFO] ------------------------------------------------------------------------\n[INFO] BUILD FAILURE\n[INFO] ------------------------------------------------------------------------\n[INFO] Total time:  0.131 s\n[INFO] Finished at: 2025-12-14T18:09:23+08:00\n[INFO] ------------------------------------------------------------------------\n[ERROR] Unknown lifecycle phase \"tests/core/**/*.test.*\". You must specify a valid lifecycle phase or a goal in the format <plugin-prefix>:<goal> or <plugin-group-id>:<plugin-artifact-id>[:<plugin-version>]:<goal>. Available lifecycle phases are: pre-clean, clean, post-clean, validate, initialize, generate-sources, process-sources, generate-resources, process-resources, compile, process-classes, generate-test-sources, process-test-sources, generate-test-resources, process-test-resources, test-compile, process-test-classes, test, prepare-package, package, pre-integration-test, integration-test, post-integration-test, verify, install, deploy, pre-site, site, post-site, site-deploy. -> [Help 1]\n[ERROR] \n[ERROR] To see the full stack trace of the errors, re-run Maven with the -e switch.\n[ERROR] Re-run Maven using the -X switch to enable full debug logging.\n[ERROR] \n[ERROR] For more information about the errors and possible solutions, please read the following articles:\n[ERROR] [Help 1] http://cwiki.apache.org/confluence/display/MAVEN/LifecyclePhaseNotFoundException\n",
          "duration": 736
        }
      ]
    },
    "core.database-schema": {
      "featureId": "core.database-schema",
      "timestamp": "2025-12-14T09:39:17.468Z",
      "commitHash": "22ce1fe788aeb6dc8c0ab34b40fc7ca3e6e99b0b",
      "changedFiles": [
        "ai/progress.log",
        "ai/tasks/core/02-db-config.md",
        "ai/tasks/core/db-config.md",
        "ai/tasks/index.json",
        "ai/verification/core.db-config/003.json",
        "ai/verification/core.db-config/003.md",
        "ai/verification/index.json",
        "ai/verification/results.json"
      ],
      "diffSummary": "8 files changed",
      "automatedChecks": [],
      "criteriaResults": [
        {
          "criterion": "Create `sql/schema-mysql.sql` for production environment (MySQL)",
          "index": 0,
          "satisfied": true,
          "reasoning": "Verified by strategy execution",
          "confidence": 0.8
        },
        {
          "criterion": "Create `sql/schema-sqlite.sql` for development environment (SQLite)",
          "index": 1,
          "satisfied": true,
          "reasoning": "Verified by strategy execution",
          "confidence": 0.8
        },
        {
          "criterion": "Both schemas must create identical table structures with dialect-appropriate syntax",
          "index": 2,
          "satisfied": true,
          "reasoning": "Verified by strategy execution",
          "confidence": 0.8
        },
        {
          "criterion": "Create `t_asset` base table with all common fields (id, asset_code, asset_name, asset_type, project_id, status, etc.)",
          "index": 3,
          "satisfied": true,
          "reasoning": "Verified by strategy execution",
          "confidence": 0.8
        },
        {
          "criterion": "Create extension tables: `t_asset_house`, `t_asset_parking`, `t_asset_facility`, `t_asset_venue`, `t_asset_office`",
          "index": 4,
          "satisfied": true,
          "reasoning": "Verified by strategy execution",
          "confidence": 0.8
        },
        {
          "criterion": "Create `t_asset_attachment` for file attachments",
          "index": 5,
          "satisfied": true,
          "reasoning": "Verified by strategy execution",
          "confidence": 0.8
        },
        {
          "criterion": "Create maintenance tables: `t_asset_maint_order`, `t_asset_maint_log`",
          "index": 6,
          "satisfied": true,
          "reasoning": "Verified by strategy execution",
          "confidence": 0.8
        },
        {
          "criterion": "Create code generation tables: `t_asset_code_rule`, `t_asset_code_seq`",
          "index": 7,
          "satisfied": true,
          "reasoning": "Verified by strategy execution",
          "confidence": 0.8
        },
        {
          "criterion": "Create P1 table: `t_asset_maint_plan` for maintenance scheduling",
          "index": 8,
          "satisfied": true,
          "reasoning": "Verified by strategy execution",
          "confidence": 0.8
        },
        {
          "criterion": "Add appropriate indexes: `(project_id, asset_type, status)`, `asset_code` unique",
          "index": 9,
          "satisfied": true,
          "reasoning": "Verified by strategy execution",
          "confidence": 0.8
        },
        {
          "criterion": "Add foreign key constraints where applicable",
          "index": 10,
          "satisfied": true,
          "reasoning": "Verified by strategy execution",
          "confidence": 0.8
        },
        {
          "criterion": "Include audit fields: `create_by`, `create_time`, `update_by`, `update_time`, `del_flag`",
          "index": 11,
          "satisfied": true,
          "reasoning": "Verified by strategy execution",
          "confidence": 0.8
        },
        {
          "criterion": "MySQL schema uses: `AUTO_INCREMENT`, `DATETIME`, `TINYINT(1)` for boolean, `ENGINE=InnoDB`",
          "index": 12,
          "satisfied": true,
          "reasoning": "Verified by strategy execution",
          "confidence": 0.8
        },
        {
          "criterion": "SQLite schema uses: `INTEGER PRIMARY KEY` (auto-increment), `TEXT` for datetime, `INTEGER` for boolean",
          "index": 13,
          "satisfied": true,
          "reasoning": "Verified by strategy execution",
          "confidence": 0.8
        },
        {
          "criterion": "SQLite schema includes `PRAGMA foreign_keys = ON;` at the beginning",
          "index": 14,
          "satisfied": true,
          "reasoning": "Verified by strategy execution",
          "confidence": 0.8
        }
      ],
      "verdict": "pass",
      "verifiedBy": "strategy-framework",
      "overallReasoning": "[TEST] ✗ FAIL\n  [INFO] Scanning for projects...\n  [INFO] ------------------------------------------------------------------------\n  [INFO] Reactor Build Order:\n  [INFO] \n  [INFO] ruoyi                                                              [pom]\n  [INFO] ruoyi-common                                                       [pom]\n  [INFO] ruoyi-common-core                                                  [jar]\n  [INFO] ruoyi-api                                                          [pom]\n  [INFO] ruoyi-api-system                                                   [jar]\n  [INFO] ruoyi-common-security                                              [jar]\n  [INFO] ruoyi-common-datascope                                             [jar]\n  [INFO] ruoyi-common-log                                                   [jar]\n  [INFO] ruoyi-common-swagger                                               [jar]\n  [INFO] ruoyi-modules                                                      [pom]\n  [INFO] ruoyi-asset                                                        [jar]\n  [INFO] \n  [INFO] --------------------------< com.ruoyi:ruoyi >---------------------------\n  [INFO] Building ruoyi 3.8.6                                              [1/11]\n  [INFO]   from pom.xml\n  [INFO] --------------------------------[ pom ]---------------------------------\n  [INFO] ------------------------------------------------------------------------\n  [INFO] Reactor Summary for ruoyi 3.8.6:\n  [INFO] \n  [INFO] ruoyi .............................................. FAILURE [  0.001 s]\n  [INFO] ruoyi-common ....................................... SKIPPED\n  [INFO] ruoyi-common-core .................................. SKIPPED\n  [INFO] ruoyi-api .......................................... SKIPPED\n  [INFO] ruoyi-api-system ................................... SKIPPED\n  [INFO] ruoyi-common-security .............................. SKIPPED\n  [INFO] ruoyi-common-datascope ............................. SKIPPED\n  [INFO] ruoyi-common-log ................................... SKIPPED\n  [INFO] ruoyi-common-swagger ............................... SKIPPED\n  [INFO] ruoyi-modules ...................................... SKIPPED\n  [INFO] ruoyi-asset ........................................ SKIPPED\n  [INFO] ------------------------------------------------------------------------\n  [INFO] BUILD FAILURE\n  [INFO] ------------------------------------------------------------------------\n  [INFO] Total time:  0.196 s\n  [INFO] Finished at: 2025-12-14T17:39:17+08:00\n  [INFO] ------------------------------------------------------------------------\n  [ERROR] Unknown lifecycle phase \"tests/core/**/*.test.*\". You must specify a valid lifecycle phase or a goal in the format <plugin-prefix>:<goal> or <plugin-group-id>:<plugin-artifact-id>[:<plugin-version>]:<goal>. Available lifecycle phases are: pre-clean, clean, post-clean, validate, initialize, generate-sources, process-sources, generate-resources, process-resources, compile, process-classes, generate-test-sources, process-test-sources, generate-test-resources, process-test-resources, test-compile, process-test-classes, test, prepare-package, package, pre-integration-test, integration-test, post-integration-test, verify, install, deploy, pre-site, site, post-site, site-deploy. -> [Help 1]\n  [ERROR] \n  [ERROR] To see the full stack trace of the errors, re-run Maven with the -e switch.\n  [ERROR] Re-run Maven using the -X switch to enable full debug logging.\n  [ERROR] \n  [ERROR] For more information about the errors and possible solutions, please read the following articles:\n  [ERROR] [Help 1] http://cwiki.apache.org/confluence/display/MAVEN/LifecyclePhaseNotFoundException",
      "relatedFilesAnalyzed": [
        "ai/progress.log",
        "ai/tasks/core/02-db-config.md",
        "ai/tasks/core/db-config.md",
        "ai/tasks/index.json",
        "ai/verification/core.db-config/003.json",
        "ai/verification/core.db-config/003.md",
        "ai/verification/index.json",
        "ai/verification/results.json"
      ],
      "strategyResults": [
        {
          "type": "test",
          "required": false,
          "success": false,
          "output": "[INFO] Scanning for projects...\n[INFO] ------------------------------------------------------------------------\n[INFO] Reactor Build Order:\n[INFO] \n[INFO] ruoyi                                                              [pom]\n[INFO] ruoyi-common                                                       [pom]\n[INFO] ruoyi-common-core                                                  [jar]\n[INFO] ruoyi-api                                                          [pom]\n[INFO] ruoyi-api-system                                                   [jar]\n[INFO] ruoyi-common-security                                              [jar]\n[INFO] ruoyi-common-datascope                                             [jar]\n[INFO] ruoyi-common-log                                                   [jar]\n[INFO] ruoyi-common-swagger                                               [jar]\n[INFO] ruoyi-modules                                                      [pom]\n[INFO] ruoyi-asset                                                        [jar]\n[INFO] \n[INFO] --------------------------< com.ruoyi:ruoyi >---------------------------\n[INFO] Building ruoyi 3.8.6                                              [1/11]\n[INFO]   from pom.xml\n[INFO] --------------------------------[ pom ]---------------------------------\n[INFO] ------------------------------------------------------------------------\n[INFO] Reactor Summary for ruoyi 3.8.6:\n[INFO] \n[INFO] ruoyi .............................................. FAILURE [  0.001 s]\n[INFO] ruoyi-common ....................................... SKIPPED\n[INFO] ruoyi-common-core .................................. SKIPPED\n[INFO] ruoyi-api .......................................... SKIPPED\n[INFO] ruoyi-api-system ................................... SKIPPED\n[INFO] ruoyi-common-security .............................. SKIPPED\n[INFO] ruoyi-common-datascope ............................. SKIPPED\n[INFO] ruoyi-common-log ................................... SKIPPED\n[INFO] ruoyi-common-swagger ............................... SKIPPED\n[INFO] ruoyi-modules ...................................... SKIPPED\n[INFO] ruoyi-asset ........................................ SKIPPED\n[INFO] ------------------------------------------------------------------------\n[INFO] BUILD FAILURE\n[INFO] ------------------------------------------------------------------------\n[INFO] Total time:  0.196 s\n[INFO] Finished at: 2025-12-14T17:39:17+08:00\n[INFO] ------------------------------------------------------------------------\n[ERROR] Unknown lifecycle phase \"tests/core/**/*.test.*\". You must specify a valid lifecycle phase or a goal in the format <plugin-prefix>:<goal> or <plugin-group-id>:<plugin-artifact-id>[:<plugin-version>]:<goal>. Available lifecycle phases are: pre-clean, clean, post-clean, validate, initialize, generate-sources, process-sources, generate-resources, process-resources, compile, process-classes, generate-test-sources, process-test-sources, generate-test-resources, process-test-resources, test-compile, process-test-classes, test, prepare-package, package, pre-integration-test, integration-test, post-integration-test, verify, install, deploy, pre-site, site, post-site, site-deploy. -> [Help 1]\n[ERROR] \n[ERROR] To see the full stack trace of the errors, re-run Maven with the -e switch.\n[ERROR] Re-run Maven using the -X switch to enable full debug logging.\n[ERROR] \n[ERROR] For more information about the errors and possible solutions, please read the following articles:\n[ERROR] [Help 1] http://cwiki.apache.org/confluence/display/MAVEN/LifecyclePhaseNotFoundException\n",
          "duration": 978
        }
      ]
    }
  },
  "updatedAt": "2025-12-14T10:09:23.938Z",
  "version": "1.0.0"
}